{"uid":"43c7457b23a6e576","name":"test_buy_processor_amd_ryzen_7_7700","fullName":"tests.test_buy.TestBuyProduct#test_buy_processor_amd_ryzen_7_7700","historyId":"b993864a630ac00eb368f04ebfa01d4b","time":{"start":1755596640086,"stop":1755596797560,"duration":157474},"description":"test buy processor amd ryzen 7 7700","descriptionHtml":"<p>test buy processor amd ryzen 7 7700</p>\n","status":"broken","statusMessage":"selenium.common.exceptions.TimeoutException: Message: \nStacktrace:\n#0 0x557fa06ef01a <unknown>\n#1 0x557fa018ea70 <unknown>\n#2 0x557fa01e0907 <unknown>\n#3 0x557fa01e0b01 <unknown>\n#4 0x557fa022ed54 <unknown>\n#5 0x557fa020640d <unknown>\n#6 0x557fa022c14f <unknown>\n#7 0x557fa02061b3 <unknown>\n#8 0x557fa01d259b <unknown>\n#9 0x557fa01d3971 <unknown>\n#10 0x557fa06b41eb <unknown>\n#11 0x557fa06b7f39 <unknown>\n#12 0x557fa069b2c9 <unknown>\n#13 0x557fa06b8ae8 <unknown>\n#14 0x557fa067fbaf <unknown>\n#15 0x557fa06dc0a8 <unknown>\n#16 0x557fa06dc286 <unknown>\n#17 0x557fa06edff6 <unknown>\n#18 0x7fa0483c6b7b <unknown>","statusTrace":"self = <tests.test_buy.TestBuyProduct object at 0x7fdb6a3ae5d0>\nset_up = <selenium.webdriver.chrome.webdriver.WebDriver (session=\"f9eaa25f012cb02c679f5cd235d18e12\")>\n\n    @allure.description('test buy processor amd ryzen 7 7700')\n    def test_buy_processor_amd_ryzen_7_7700(self, set_up):\n        driver = set_up\n        main = MainPage(driver)\n        main.open_main_page()\n        main.click_catalog()\n        catalog = CatalogMenu(driver)\n        catalog.open_catalog_processor()\n        time.sleep(1) # Фильтры чем то перекрыты, не получалось через явное ожидание и обычный клик по чек боксу. У меня всегда успевали фильтры подгружаться, добавил на всякий случай\n        filters = Filters(driver)\n        filters.move_filters_menu()\n        filters.select_brand_processor_amd()\n        filters.select_series_ryzen_7()\n        filters.select_socket_am5()\n        filters.select_generation_ryzen_7000()\n        filters.select_apply_filters()\n    \n        product = ProductPage(driver)\n        Base.assert_word(product.get_main_word_page(), 'Процессоры')\n        product.select_add_cart_product_1()\n        Base.assert_word(product.get_check_product_in_modal_window(), 'Процессор AMD Ryzen 7 7700, AM5, OEM [100-000000592]')\n        product.click_buton_close_modal_window()\n    \n        main.select_cart()\n    \n        cart = CartPage(driver)\n        cart.select_button_make_order_unauthorized()\n    \n        order = OrderPage(driver)\n>       order.entry_receipt_and_payment_delivery()\n\ntests/test_buy.py:54: \n_ _ _ _ _ _ _ _ _ _ _ _ _ _ _ _ _ _ _ _ _ _ _ _ _ _ _ _ _ _ _ _ _ _ _ _ _ _ _ _ \npages/order_page.py:120: in entry_receipt_and_payment_delivery\n    self.assert_total_cost(self.int_total_cost_order() + self.int_price_delivery(), 20990 + self.int_price_delivery()) # Не получилось сделать иначе, в элементе с ценой доставки она всегда прописана, но к итоговой сумме применяется с нормальной такой задержкой (при автотесте)\n                                                         ^^^^^^^^^^^^^^^^^^^^^^^^^\npages/order_page.py:92: in int_price_delivery\n    return int(self.get_price_delivery().text.replace(' ', ''))\n               ^^^^^^^^^^^^^^^^^^^^^^^^^\npages/order_page.py:53: in get_price_delivery\n    return WebDriverWait(self.driver, 120).until(EC.presence_of_element_located((By.XPATH, self.price_delivery)))\n           ^^^^^^^^^^^^^^^^^^^^^^^^^^^^^^^^^^^^^^^^^^^^^^^^^^^^^^^^^^^^^^^^^^^^^^^^^^^^^^^^^^^^^^^^^^^^^^^^^^^^^^\n_ _ _ _ _ _ _ _ _ _ _ _ _ _ _ _ _ _ _ _ _ _ _ _ _ _ _ _ _ _ _ _ _ _ _ _ _ _ _ _ \n\nself = <selenium.webdriver.support.wait.WebDriverWait (session=\"f9eaa25f012cb02c679f5cd235d18e12\")>\nmethod = <function presence_of_element_located.<locals>._predicate at 0x7fdb6afb4d60>\nmessage = ''\n\n    def until(self, method, message: str = \"\"):\n        \"\"\"Calls the method provided with the driver as an argument until the \\\n        return value does not evaluate to ``False``.\n    \n        :param method: callable(WebDriver)\n        :param message: optional message for :exc:`TimeoutException`\n        :returns: the result of the last call to `method`\n        :raises: :exc:`selenium.common.exceptions.TimeoutException` if timeout occurs\n        \"\"\"\n        screen = None\n        stacktrace = None\n    \n        end_time = time.monotonic() + self._timeout\n        while True:\n            try:\n                value = method(self._driver)\n                if value:\n                    return value\n            except self._ignored_exceptions as exc:\n                screen = getattr(exc, \"screen\", None)\n                stacktrace = getattr(exc, \"stacktrace\", None)\n            time.sleep(self._poll)\n            if time.monotonic() > end_time:\n                break\n>       raise TimeoutException(message, screen, stacktrace)\nE       selenium.common.exceptions.TimeoutException: Message: \nE       Stacktrace:\nE       #0 0x557fa06ef01a <unknown>\nE       #1 0x557fa018ea70 <unknown>\nE       #2 0x557fa01e0907 <unknown>\nE       #3 0x557fa01e0b01 <unknown>\nE       #4 0x557fa022ed54 <unknown>\nE       #5 0x557fa020640d <unknown>\nE       #6 0x557fa022c14f <unknown>\nE       #7 0x557fa02061b3 <unknown>\nE       #8 0x557fa01d259b <unknown>\nE       #9 0x557fa01d3971 <unknown>\nE       #10 0x557fa06b41eb <unknown>\nE       #11 0x557fa06b7f39 <unknown>\nE       #12 0x557fa069b2c9 <unknown>\nE       #13 0x557fa06b8ae8 <unknown>\nE       #14 0x557fa067fbaf <unknown>\nE       #15 0x557fa06dc0a8 <unknown>\nE       #16 0x557fa06dc286 <unknown>\nE       #17 0x557fa06edff6 <unknown>\nE       #18 0x7fa0483c6b7b <unknown>\n\n/usr/local/lib/python3.13/site-packages/selenium/webdriver/support/wait.py:95: TimeoutException","flaky":false,"newFailed":false,"newBroken":false,"newPassed":false,"retriesCount":0,"retriesStatusChange":false,"beforeStages":[{"name":"_session_faker","time":{"start":1755596639265,"stop":1755596639342,"duration":77},"status":"passed","steps":[],"attachments":[],"parameters":[],"shouldDisplayMessage":false,"stepsCount":0,"attachmentsCount":0,"hasContent":false,"attachmentStep":false},{"name":"set_up","time":{"start":1755596639342,"stop":1755596640085,"duration":743},"status":"passed","steps":[],"attachments":[],"parameters":[],"shouldDisplayMessage":false,"stepsCount":0,"attachmentsCount":0,"hasContent":false,"attachmentStep":false}],"afterStages":[{"name":"set_up::0","time":{"start":1755596797593,"stop":1755596797682,"duration":89},"status":"passed","steps":[],"attachments":[],"parameters":[],"shouldDisplayMessage":false,"stepsCount":0,"attachmentsCount":0,"hasContent":false,"attachmentStep":false}],"labels":[{"name":"epic","value":"Tests buy product"},{"name":"parentSuite","value":"tests"},{"name":"suite","value":"test_buy"},{"name":"subSuite","value":"TestBuyProduct"},{"name":"host","value":"27e3abd48378"},{"name":"thread","value":"1-MainThread"},{"name":"framework","value":"pytest"},{"name":"language","value":"cpython3"},{"name":"package","value":"tests.test_buy"},{"name":"resultFormat","value":"allure2"}],"parameters":[],"links":[],"hidden":false,"retry":false,"extra":{"severity":"normal","retries":[],"categories":[{"name":"Test defects","matchedStatuses":[]}],"history":{"statistic":{"failed":0,"broken":3,"skipped":0,"passed":1,"unknown":0,"total":4},"items":[{"uid":"9026038404593114","status":"broken","statusDetails":"selenium.common.exceptions.TimeoutException: Message: \nStacktrace:\n#0 0x55590424901a <unknown>\n#1 0x555903ce8a70 <unknown>\n#2 0x555903d3a907 <unknown>\n#3 0x555903d3ab01 <unknown>\n#4 0x555903d88d54 <unknown>\n#5 0x555903d6040d <unknown>\n#6 0x555903d8614f <unknown>\n#7 0x555903d601b3 <unknown>\n#8 0x555903d2c59b <unknown>\n#9 0x555903d2d971 <unknown>\n#10 0x55590420e1eb <unknown>\n#11 0x555904211f39 <unknown>\n#12 0x5559041f52c9 <unknown>\n#13 0x555904212ae8 <unknown>\n#14 0x5559041d9baf <unknown>\n#15 0x5559042360a8 <unknown>\n#16 0x555904236286 <unknown>\n#17 0x555904247ff6 <unknown>\n#18 0x7fc531f75b7b <unknown>","time":{"start":1755587270348,"stop":1755587367429,"duration":97081}},{"uid":"ad864f0ec774ef29","status":"broken","statusDetails":"selenium.common.exceptions.TimeoutException: Message: \nStacktrace:\n#0 0x563b457e201a <unknown>\n#1 0x563b45281a70 <unknown>\n#2 0x563b452d3907 <unknown>\n#3 0x563b452d3b01 <unknown>\n#4 0x563b45321d54 <unknown>\n#5 0x563b452f940d <unknown>\n#6 0x563b4531f14f <unknown>\n#7 0x563b452f91b3 <unknown>\n#8 0x563b452c559b <unknown>\n#9 0x563b452c6971 <unknown>\n#10 0x563b457a71eb <unknown>\n#11 0x563b457aaf39 <unknown>\n#12 0x563b4578e2c9 <unknown>\n#13 0x563b457abae8 <unknown>\n#14 0x563b45772baf <unknown>\n#15 0x563b457cf0a8 <unknown>\n#16 0x563b457cf286 <unknown>\n#17 0x563b457e0ff6 <unknown>\n#18 0x7f75b0cceb7b <unknown>","time":{"start":1755586556030,"stop":1755586656158,"duration":100128}},{"uid":"dd1f26dc640a201f","status":"passed","time":{"start":1755585471156,"stop":1755585507939,"duration":36783}}]},"tags":[]},"source":"43c7457b23a6e576.json","parameterValues":[]}